SF:lib/src/storage/credential_storage.dart
DA:11,1
DA:12,2
DA:14,0
DA:16,2
DA:17,2
DA:20,2
DA:22,4
DA:24,1
DA:25,1
DA:35,0
DA:36,0
DA:38,0
DA:40,2
DA:41,2
DA:43,1
DA:44,1
DA:57,1
DA:58,1
DA:59,1
DA:63,1
DA:68,2
DA:71,1
DA:76,0
DA:78,0
DA:79,0
DA:80,0
DA:81,0
DA:83,0
DA:84,0
DA:88,1
DA:89,2
DA:92,1
DA:93,2
DA:94,1
DA:95,1
DA:99,1
DA:100,2
DA:101,2
DA:105,1
DA:106,2
DA:107,1
DA:108,1
DA:112,1
DA:113,1
DA:114,3
DA:118,4
DA:121,4
DA:124,2
DA:127,4
DA:130,3
DA:133,3
DA:135,1
LF:52
LH:41
end_of_record
SF:lib/src/github/github_oauth_provider.dart
DA:15,0
DA:16,0
DA:22,0
DA:25,0
DA:26,0
DA:28,0
DA:31,0
DA:32,0
DA:33,0
DA:36,0
DA:37,0
DA:38,0
DA:39,0
DA:42,0
DA:48,0
DA:49,0
DA:50,0
DA:51,0
DA:53,0
DA:54,0
DA:57,0
DA:59,0
DA:66,0
DA:67,0
DA:68,0
DA:70,0
DA:75,0
DA:84,0
DA:86,0
DA:88,0
DA:89,0
DA:92,0
DA:94,0
DA:95,0
DA:96,0
DA:99,0
DA:101,0
DA:105,0
DA:106,0
DA:108,0
DA:109,0
DA:110,0
DA:111,0
DA:114,0
DA:116,0
DA:119,0
DA:120,0
DA:121,0
DA:125,0
DA:126,0
DA:128,0
DA:131,0
DA:132,0
DA:133,0
DA:134,0
DA:135,0
DA:138,0
DA:140,0
DA:141,0
DA:142,0
DA:143,0
DA:144,0
DA:145,0
DA:150,0
DA:154,0
DA:157,0
DA:159,0
LF:67
LH:0
end_of_record
SF:lib/src/github/github_repository_service.dart
DA:10,0
DA:15,0
DA:17,0
DA:20,0
DA:21,0
DA:23,0
DA:27,0
DA:31,0
DA:34,0
DA:35,0
DA:36,0
DA:37,0
DA:39,0
DA:41,0
DA:46,0
DA:50,0
DA:53,0
DA:54,0
DA:55,0
DA:56,0
DA:57,0
DA:58,0
DA:59,0
DA:62,0
DA:63,0
DA:65,0
DA:66,0
DA:68,0
DA:72,0
DA:77,0
DA:80,0
DA:81,0
DA:83,0
DA:85,0
DA:88,0
DA:92,0
DA:97,0
DA:100,0
DA:102,0
DA:103,0
DA:105,0
DA:106,0
DA:109,0
DA:113,0
DA:115,0
DA:118,0
DA:119,0
DA:122,0
DA:123,0
DA:125,0
DA:126,0
DA:128,0
DA:132,0
DA:137,0
DA:140,0
DA:141,0
DA:142,0
DA:144,0
DA:145,0
DA:146,0
DA:148,0
DA:149,0
DA:151,0
DA:153,0
DA:158,0
DA:163,0
DA:166,0
DA:167,0
DA:168,0
DA:170,0
DA:171,0
DA:172,0
DA:174,0
DA:175,0
DA:177,0
DA:181,0
DA:182,0
DA:184,0
DA:190,0
DA:196,0
DA:203,0
DA:204,0
DA:207,0
DA:208,0
DA:209,0
DA:210,0
DA:211,0
DA:212,0
DA:213,0
DA:214,0
DA:215,0
DA:216,0
DA:217,0
DA:219,0
DA:220,0
DA:221,0
DA:222,0
DA:223,0
DA:224,0
DA:225,0
DA:226,0
DA:227,0
DA:228,0
DA:229,0
DA:230,0
DA:231,0
DA:234,0
DA:240,0
DA:245,0
DA:246,0
DA:247,0
DA:248,0
LF:112
LH:0
end_of_record
SF:lib/src/services/repository_service.dart
DA:5,1
DA:23,0
DA:24,0
DA:25,0
DA:26,0
DA:27,0
DA:28,0
DA:29,0
DA:30,0
DA:33,0
DA:35,0
LF:11
LH:1
end_of_record
SF:lib/src/exceptions/oauth_exceptions.dart
DA:3,3
DA:8,0
DA:10,0
DA:15,3
DA:17,1
DA:19,5
DA:24,0
DA:26,0
DA:28,0
DA:33,0
DA:35,1
DA:36,0
DA:38,2
DA:39,0
DA:41,1
DA:42,0
DA:44,0
DA:45,0
DA:47,0
DA:49,0
DA:54,0
DA:56,1
DA:57,0
DA:59,1
DA:60,0
DA:62,1
DA:63,0
DA:65,0
DA:67,0
DA:72,0
DA:74,0
DA:75,0
DA:77,0
DA:78,0
DA:80,0
DA:82,0
LF:36
LH:10
end_of_record
SF:lib/src/storage/secure_credential_storage.dart
DA:11,0
DA:24,0
DA:26,0
DA:30,0
DA:31,0
DA:32,0
DA:34,0
DA:35,0
DA:36,0
DA:40,0
DA:43,0
DA:44,0
DA:48,0
DA:49,0
DA:53,0
DA:57,0
DA:58,0
DA:62,0
DA:65,0
DA:66,0
DA:68,0
DA:69,0
DA:70,0
DA:74,0
DA:76,0
DA:78,0
DA:80,0
DA:82,0
DA:86,0
DA:87,0
DA:88,0
DA:92,0
DA:95,0
DA:96,0
DA:104,0
DA:106,0
DA:114,0
DA:115,0
DA:117,0
DA:118,0
DA:119,0
LF:41
LH:0
end_of_record
SF:lib/src/models/git_platform.dart
DA:17,1
DA:19,1
DA:21,1
DA:23,0
DA:29,1
DA:31,1
DA:33,1
DA:35,0
LF:8
LH:6
end_of_record
SF:lib/src/models/oauth_config.dart
DA:10,1
DA:11,2
DA:13,0
DA:15,0
DA:16,0
DA:18,0
DA:19,0
DA:29,1
DA:30,2
DA:32,0
DA:34,0
DA:35,0
DA:37,0
DA:38,0
DA:48,1
DA:49,2
DA:51,0
DA:53,0
DA:54,0
DA:56,0
DA:57,0
DA:67,1
DA:68,2
DA:70,0
DA:72,0
DA:73,0
DA:75,0
DA:76,0
DA:86,1
DA:87,1
DA:88,2
DA:92,0
DA:94,0
DA:96,0
DA:97,0
DA:98,0
DA:101,0
DA:104,0
DA:105,0
DA:108,0
DA:109,0
DA:112,0
DA:134,0
DA:135,0
DA:136,0
DA:140,1
DA:146,2
DA:147,1
DA:156,1
DA:162,2
DA:163,1
DA:172,0
DA:178,0
DA:179,0
DA:188,1
DA:189,2
DA:190,1
DA:191,3
DA:192,0
DA:197,3
DA:200,1
DA:201,2
DA:204,1
DA:205,2
DA:208,1
DA:209,2
DA:212,3
DA:215,0
DA:218,0
DA:221,0
DA:223,0
DA:234,0
DA:240,0
DA:241,0
DA:242,0
DA:243,0
DA:244,0
DA:245,0
DA:246,0
DA:251,0
DA:254,0
DA:257,0
DA:260,0
DA:263,0
DA:266,0
DA:268,0
LF:86
LH:29
end_of_record
SF:lib/src/models/oauth_result.dart
DA:12,0
DA:13,0
DA:15,0
DA:17,0
DA:18,0
DA:20,0
DA:38,0
DA:39,0
DA:40,0
DA:44,0
DA:47,0
DA:49,0
DA:50,0
DA:54,0
DA:55,0
DA:58,0
DA:61,0
DA:64,0
DA:65,0
DA:66,0
DA:68,0
DA:73,0
DA:74,0
DA:75,0
DA:76,0
DA:80,0
DA:81,0
DA:82,0
DA:83,0
DA:86,0
LF:30
LH:0
end_of_record
SF:lib/src/models/oauth_user.dart
DA:10,1
DA:11,1
DA:12,1
DA:16,3
DA:19,3
DA:22,1
DA:23,2
DA:24,1
DA:28,1
DA:29,2
DA:30,1
DA:34,1
DA:35,2
DA:36,1
DA:40,1
DA:41,2
DA:42,1
DA:46,1
DA:47,2
DA:48,1
DA:52,1
DA:53,2
DA:54,1
DA:58,1
DA:59,2
DA:60,1
DA:64,3
DA:67,3
DA:70,3
DA:73,1
DA:74,2
DA:75,2
DA:78,1
LF:33
LH:33
end_of_record
SF:lib/src/models/repository_info.dart
DA:8,1
DA:9,2
DA:11,0
DA:13,0
DA:14,0
DA:16,0
DA:31,1
DA:32,1
DA:33,3
DA:34,0
DA:38,0
DA:40,0
DA:41,0
DA:49,1
DA:50,1
DA:51,1
DA:55,1
DA:61,2
DA:64,1
DA:70,0
DA:73,3
DA:76,1
DA:77,3
DA:80,0
DA:81,0
DA:82,0
DA:86,0
DA:87,0
DA:88,0
DA:91,1
DA:101,0
DA:102,0
DA:103,0
DA:107,0
DA:111,0
DA:114,0
DA:117,0
DA:120,0
DA:123,0
DA:126,0
DA:128,0
DA:150,0
DA:151,0
DA:152,0
DA:156,1
DA:174,2
DA:178,1
DA:185,0
DA:186,0
DA:187,0
DA:195,3
DA:198,3
DA:201,3
DA:204,3
DA:207,1
DA:208,2
DA:209,1
DA:213,3
DA:216,0
DA:219,1
DA:220,2
DA:221,1
DA:225,0
DA:226,0
DA:227,0
DA:231,0
DA:232,0
DA:233,0
DA:237,0
DA:238,0
DA:239,0
DA:243,0
DA:244,0
DA:245,0
DA:249,0
DA:250,0
DA:251,0
DA:255,0
DA:256,0
DA:258,0
DA:262,0
DA:265,0
DA:268,0
DA:271,1
DA:272,2
DA:273,1
DA:277,3
DA:280,3
DA:283,3
DA:285,0
LF:90
LH:35
end_of_record
